<?xml version="1.0" encoding="UTF-8"?>
<coverage generated="1546077864495" clover="3.2.0">
  <project timestamp="1546077864496" name="All files">
    <metrics statements="46" coveredstatements="30" conditionals="26" coveredconditionals="10" methods="22" coveredmethods="14" elements="94" coveredelements="54" complexity="0" loc="46" ncloc="46" packages="5" files="5" classes="5">
      <package name="xcomponent-jest">
        <metrics statements="1" coveredstatements="1" conditionals="0" coveredconditionals="0" methods="0" coveredmethods="0"/>
        <file name="jest.setup.js" path="/Users/fengfeifan/workspace/xcomponent-jest/jest.setup.js">
          <metrics statements="1" coveredstatements="1" conditionals="0" coveredconditionals="0" methods="0" coveredmethods="0"/>
          <line num="5" count="2" type="stmt"/>
        </file>
      </package>
      <package name="xcomponent-jest.xcomponents.Button.src">
        <metrics statements="2" coveredstatements="2" conditionals="0" coveredconditionals="0" methods="1" coveredmethods="1"/>
        <file name="index.js" path="/Users/fengfeifan/workspace/xcomponent-jest/xcomponents/Button/src/index.js">
          <metrics statements="2" coveredstatements="2" conditionals="0" coveredconditionals="0" methods="1" coveredmethods="1"/>
          <line num="18" count="1" type="stmt"/>
          <line num="29" count="1" type="stmt"/>
        </file>
      </package>
      <package name="xcomponent-jest.xcomponents.Icon.src">
        <metrics statements="2" coveredstatements="1" conditionals="2" coveredconditionals="0" methods="2" coveredmethods="1"/>
        <file name="index.js" path="/Users/fengfeifan/workspace/xcomponent-jest/xcomponents/Icon/src/index.js">
          <metrics statements="2" coveredstatements="1" conditionals="2" coveredconditionals="0" methods="2" coveredmethods="1"/>
          <line num="5" count="8" type="stmt"/>
          <line num="7" count="0" type="cond" truecount="0" falsecount="2"/>
        </file>
      </package>
      <package name="xcomponent-jest.xcomponents.Selector.src">
        <metrics statements="21" coveredstatements="15" conditionals="16" coveredconditionals="9" methods="9" coveredmethods="7"/>
        <file name="index.js" path="/Users/fengfeifan/workspace/xcomponent-jest/xcomponents/Selector/src/index.js">
          <metrics statements="21" coveredstatements="15" conditionals="16" coveredconditionals="9" methods="9" coveredmethods="7"/>
          <line num="8" count="6" type="stmt"/>
          <line num="9" count="6" type="stmt"/>
          <line num="19" count="3" type="stmt"/>
          <line num="24" count="1" type="cond" truecount="1" falsecount="1"/>
          <line num="28" count="0" type="stmt"/>
          <line num="34" count="3" type="cond" truecount="2" falsecount="0"/>
          <line num="35" count="3" type="stmt"/>
          <line num="38" count="3" type="cond" truecount="1" falsecount="1"/>
          <line num="39" count="3" type="stmt"/>
          <line num="41" count="3" type="stmt"/>
          <line num="42" count="0" type="stmt"/>
          <line num="43" count="0" type="cond" truecount="0" falsecount="2"/>
          <line num="45" count="0" type="stmt"/>
          <line num="49" count="3" type="stmt"/>
          <line num="56" count="1" type="stmt"/>
          <line num="60" count="1" type="stmt"/>
          <line num="65" count="11" type="stmt"/>
          <line num="66" count="11" type="stmt"/>
          <line num="67" count="11" type="stmt"/>
          <line num="92" count="0" type="cond" truecount="0" falsecount="2"/>
          <line num="93" count="0" type="stmt"/>
        </file>
      </package>
      <package name="xcomponent-jest.xcomponents.Toggle.src">
        <metrics statements="20" coveredstatements="11" conditionals="8" coveredconditionals="1" methods="10" coveredmethods="5"/>
        <file name="index.js" path="/Users/fengfeifan/workspace/xcomponent-jest/xcomponents/Toggle/src/index.js">
          <metrics statements="20" coveredstatements="11" conditionals="8" coveredconditionals="1" methods="10" coveredmethods="5"/>
          <line num="15" count="8" type="stmt"/>
          <line num="33" count="8" type="stmt"/>
          <line num="57" count="4" type="stmt"/>
          <line num="58" count="4" type="stmt"/>
          <line num="59" count="4" type="stmt"/>
          <line num="60" count="4" type="stmt"/>
          <line num="61" count="4" type="stmt"/>
          <line num="62" count="4" type="stmt"/>
          <line num="63" count="4" type="stmt"/>
          <line num="69" count="4" type="stmt"/>
          <line num="73" count="0" type="stmt"/>
          <line num="77" count="0" type="stmt"/>
          <line num="78" count="0" type="stmt"/>
          <line num="79" count="0" type="cond" truecount="0" falsecount="4"/>
          <line num="80" count="0" type="stmt"/>
          <line num="83" count="0" type="cond" truecount="0" falsecount="2"/>
          <line num="85" count="0" type="stmt"/>
          <line num="90" count="0" type="stmt"/>
          <line num="93" count="0" type="stmt"/>
          <line num="99" count="8" type="stmt"/>
        </file>
      </package>
    </metrics>
  </project>
</coverage>
