{"/Users/fengfeifan/workspace/xcomponent-jest/jest.setup.js": {"path":"/Users/fengfeifan/workspace/xcomponent-jest/jest.setup.js","statementMap":{"0":{"start":{"line":5,"column":0},"end":{"line":5,"column":38}}},"fnMap":{},"branchMap":{},"s":{"0":2},"f":{},"b":{},"_coverageSchema":"332fd63041d2c1bcb487cc26dd0d5f7d97098a6c","hash":"720b65957e47a0629c5924b47a64a3bfdfff4cd0"}
,"/Users/fengfeifan/workspace/xcomponent-jest/xcomponents/Button/src/index.js": {"path":"/Users/fengfeifan/workspace/xcomponent-jest/xcomponents/Button/src/index.js","statementMap":{"0":{"start":{"line":18,"column":19},"end":{"line":27,"column":6}},"1":{"start":{"line":29,"column":4},"end":{"line":33,"column":6}}},"fnMap":{"0":{"name":"(anonymous_0)","decl":{"start":{"line":17,"column":2},"end":{"line":17,"column":3}},"loc":{"start":{"line":17,"column":12},"end":{"line":34,"column":3}},"line":17}},"branchMap":{},"s":{"0":1,"1":1},"f":{"0":1},"b":{},"_coverageSchema":"332fd63041d2c1bcb487cc26dd0d5f7d97098a6c","hash":"6a7c517f5a1ba01a047df3b93ff94ccdaa255947"}
,"/Users/fengfeifan/workspace/xcomponent-jest/xcomponents/Icon/src/index.js": {"path":"/Users/fengfeifan/workspace/xcomponent-jest/xcomponents/Icon/src/index.js","statementMap":{"0":{"start":{"line":5,"column":4},"end":{"line":9,"column":6}},"1":{"start":{"line":7,"column":12},"end":{"line":7,"column":45}}},"fnMap":{"0":{"name":"(anonymous_0)","decl":{"start":{"line":4,"column":15},"end":{"line":4,"column":16}},"loc":{"start":{"line":4,"column":26},"end":{"line":10,"column":1}},"line":4},"1":{"name":"(anonymous_1)","decl":{"start":{"line":6,"column":98},"end":{"line":6,"column":99}},"loc":{"start":{"line":6,"column":105},"end":{"line":8,"column":9}},"line":6}},"branchMap":{"0":{"loc":{"start":{"line":7,"column":12},"end":{"line":7,"column":45}},"type":"binary-expr","locations":[{"start":{"line":7,"column":12},"end":{"line":7,"column":25}},{"start":{"line":7,"column":29},"end":{"line":7,"column":45}}],"line":7}},"s":{"0":8,"1":0},"f":{"0":8,"1":0},"b":{"0":[0,0]},"_coverageSchema":"332fd63041d2c1bcb487cc26dd0d5f7d97098a6c","hash":"a6069950b1cbf57ae7c44b4766386cdc9cad751d"}
,"/Users/fengfeifan/workspace/xcomponent-jest/xcomponents/Selector/src/index.js": {"path":"/Users/fengfeifan/workspace/xcomponent-jest/xcomponents/Selector/src/index.js","statementMap":{"0":{"start":{"line":8,"column":4},"end":{"line":8,"column":16}},"1":{"start":{"line":9,"column":4},"end":{"line":15,"column":5}},"2":{"start":{"line":19,"column":4},"end":{"line":19,"column":32}},"3":{"start":{"line":24,"column":4},"end":{"line":29,"column":5}},"4":{"start":{"line":28,"column":6},"end":{"line":28,"column":32}},"5":{"start":{"line":34,"column":21},"end":{"line":34,"column":40}},"6":{"start":{"line":35,"column":21},"end":{"line":35,"column":30}},"7":{"start":{"line":38,"column":6},"end":{"line":38,"column":64}},"8":{"start":{"line":39,"column":22},"end":{"line":39,"column":24}},"9":{"start":{"line":41,"column":4},"end":{"line":47,"column":6}},"10":{"start":{"line":42,"column":6},"end":{"line":42,"column":33}},"11":{"start":{"line":43,"column":6},"end":{"line":46,"column":7}},"12":{"start":{"line":45,"column":8},"end":{"line":45,"column":27}},"13":{"start":{"line":49,"column":4},"end":{"line":52,"column":6}},"14":{"start":{"line":56,"column":4},"end":{"line":61,"column":5}},"15":{"start":{"line":60,"column":12},"end":{"line":60,"column":37}},"16":{"start":{"line":65,"column":24},"end":{"line":65,"column":44}},"17":{"start":{"line":66,"column":19},"end":{"line":66,"column":68}},"18":{"start":{"line":67,"column":4},"end":{"line":109,"column":5}},"19":{"start":{"line":92,"column":30},"end":{"line":92,"column":79}},"20":{"start":{"line":93,"column":16},"end":{"line":103,"column":17}}},"fnMap":{"0":{"name":"(anonymous_0)","decl":{"start":{"line":7,"column":2},"end":{"line":7,"column":3}},"loc":{"start":{"line":7,"column":21},"end":{"line":16,"column":3}},"line":7},"1":{"name":"(anonymous_1)","decl":{"start":{"line":18,"column":2},"end":{"line":18,"column":3}},"loc":{"start":{"line":18,"column":22},"end":{"line":20,"column":3}},"line":18},"2":{"name":"(anonymous_2)","decl":{"start":{"line":22,"column":2},"end":{"line":22,"column":3}},"loc":{"start":{"line":22,"column":38},"end":{"line":30,"column":3}},"line":22},"3":{"name":"(anonymous_3)","decl":{"start":{"line":32,"column":2},"end":{"line":32,"column":3}},"loc":{"start":{"line":32,"column":21},"end":{"line":53,"column":3}},"line":32},"4":{"name":"(anonymous_4)","decl":{"start":{"line":41,"column":19},"end":{"line":41,"column":20}},"loc":{"start":{"line":41,"column":36},"end":{"line":47,"column":5}},"line":41},"5":{"name":"(anonymous_5)","decl":{"start":{"line":55,"column":2},"end":{"line":55,"column":3}},"loc":{"start":{"line":55,"column":25},"end":{"line":62,"column":3}},"line":55},"6":{"name":"(anonymous_6)","decl":{"start":{"line":60,"column":6},"end":{"line":60,"column":7}},"loc":{"start":{"line":60,"column":12},"end":{"line":60,"column":37}},"line":60},"7":{"name":"(anonymous_7)","decl":{"start":{"line":64,"column":2},"end":{"line":64,"column":3}},"loc":{"start":{"line":64,"column":11},"end":{"line":110,"column":3}},"line":64},"8":{"name":"(anonymous_8)","decl":{"start":{"line":91,"column":46},"end":{"line":91,"column":47}},"loc":{"start":{"line":91,"column":63},"end":{"line":104,"column":15}},"line":91}},"branchMap":{"0":{"loc":{"start":{"line":24,"column":4},"end":{"line":29,"column":5}},"type":"if","locations":[{"start":{"line":24,"column":4},"end":{"line":29,"column":5}},{"start":{"line":24,"column":4},"end":{"line":29,"column":5}}],"line":24},"1":{"loc":{"start":{"line":25,"column":6},"end":{"line":26,"column":55}},"type":"binary-expr","locations":[{"start":{"line":25,"column":6},"end":{"line":25,"column":45}},{"start":{"line":26,"column":6},"end":{"line":26,"column":55}}],"line":25},"2":{"loc":{"start":{"line":34,"column":21},"end":{"line":34,"column":40}},"type":"binary-expr","locations":[{"start":{"line":34,"column":21},"end":{"line":34,"column":34}},{"start":{"line":34,"column":38},"end":{"line":34,"column":40}}],"line":34},"3":{"loc":{"start":{"line":38,"column":6},"end":{"line":38,"column":64}},"type":"cond-expr","locations":[{"start":{"line":38,"column":41},"end":{"line":38,"column":59}},{"start":{"line":38,"column":62},"end":{"line":38,"column":64}}],"line":38},"4":{"loc":{"start":{"line":43,"column":6},"end":{"line":46,"column":7}},"type":"if","locations":[{"start":{"line":43,"column":6},"end":{"line":46,"column":7}},{"start":{"line":43,"column":6},"end":{"line":46,"column":7}}],"line":43},"5":{"loc":{"start":{"line":73,"column":21},"end":{"line":73,"column":51}},"type":"cond-expr","locations":[{"start":{"line":73,"column":32},"end":{"line":73,"column":46}},{"start":{"line":73,"column":49},"end":{"line":73,"column":51}}],"line":73},"6":{"loc":{"start":{"line":74,"column":27},"end":{"line":74,"column":58}},"type":"binary-expr","locations":[{"start":{"line":74,"column":27},"end":{"line":74,"column":49}},{"start":{"line":74,"column":53},"end":{"line":74,"column":58}}],"line":74},"7":{"loc":{"start":{"line":92,"column":30},"end":{"line":92,"column":79}},"type":"cond-expr","locations":[{"start":{"line":92,"column":64},"end":{"line":92,"column":74}},{"start":{"line":92,"column":77},"end":{"line":92,"column":79}}],"line":92}},"s":{"0":6,"1":6,"2":3,"3":1,"4":0,"5":3,"6":3,"7":3,"8":3,"9":3,"10":0,"11":0,"12":0,"13":3,"14":1,"15":1,"16":11,"17":11,"18":11,"19":0,"20":0},"f":{"0":6,"1":3,"2":1,"3":3,"4":0,"5":1,"6":1,"7":11,"8":0},"b":{"0":[0,1],"1":[1,1],"2":[3,3],"3":[0,3],"4":[0,0],"5":[0,11],"6":[11,11],"7":[0,0]},"_coverageSchema":"332fd63041d2c1bcb487cc26dd0d5f7d97098a6c","hash":"db9446297b4c3ff8fa64ae48b9c44b41bc96debd"}
,"/Users/fengfeifan/workspace/xcomponent-jest/xcomponents/Toggle/src/index.js": {"path":"/Users/fengfeifan/workspace/xcomponent-jest/xcomponents/Toggle/src/index.js","statementMap":{"0":{"start":{"line":15,"column":8},"end":{"line":19,"column":10}},"1":{"start":{"line":33,"column":8},"end":{"line":37,"column":10}},"2":{"start":{"line":57,"column":8},"end":{"line":57,"column":16}},"3":{"start":{"line":58,"column":8},"end":{"line":58,"column":25}},"4":{"start":{"line":59,"column":8},"end":{"line":59,"column":25}},"5":{"start":{"line":60,"column":8},"end":{"line":60,"column":25}},"6":{"start":{"line":61,"column":8},"end":{"line":61,"column":28}},"7":{"start":{"line":62,"column":8},"end":{"line":62,"column":61}},"8":{"start":{"line":63,"column":8},"end":{"line":65,"column":10}},"9":{"start":{"line":69,"column":8},"end":{"line":69,"column":71}},"10":{"start":{"line":73,"column":8},"end":{"line":73,"column":74}},"11":{"start":{"line":77,"column":8},"end":{"line":77,"column":59}},"12":{"start":{"line":78,"column":8},"end":{"line":78,"column":59}},"13":{"start":{"line":79,"column":8},"end":{"line":95,"column":9}},"14":{"start":{"line":80,"column":12},"end":{"line":87,"column":15}},"15":{"start":{"line":83,"column":16},"end":{"line":86,"column":17}},"16":{"start":{"line":85,"column":20},"end":{"line":85,"column":41}},"17":{"start":{"line":90,"column":12},"end":{"line":94,"column":15}},"18":{"start":{"line":93,"column":16},"end":{"line":93,"column":37}},"19":{"start":{"line":99,"column":8},"end":{"line":105,"column":10}}},"fnMap":{"0":{"name":"(anonymous_0)","decl":{"start":{"line":14,"column":4},"end":{"line":14,"column":5}},"loc":{"start":{"line":14,"column":13},"end":{"line":20,"column":5}},"line":14},"1":{"name":"(anonymous_1)","decl":{"start":{"line":32,"column":4},"end":{"line":32,"column":5}},"loc":{"start":{"line":32,"column":13},"end":{"line":38,"column":5}},"line":32},"2":{"name":"(anonymous_2)","decl":{"start":{"line":49,"column":17},"end":{"line":49,"column":18}},"loc":{"start":{"line":49,"column":23},"end":{"line":50,"column":9}},"line":49},"3":{"name":"(anonymous_3)","decl":{"start":{"line":56,"column":4},"end":{"line":56,"column":5}},"loc":{"start":{"line":56,"column":18},"end":{"line":66,"column":5}},"line":56},"4":{"name":"(anonymous_4)","decl":{"start":{"line":68,"column":4},"end":{"line":68,"column":5}},"loc":{"start":{"line":68,"column":24},"end":{"line":70,"column":5}},"line":68},"5":{"name":"(anonymous_5)","decl":{"start":{"line":72,"column":4},"end":{"line":72,"column":5}},"loc":{"start":{"line":72,"column":27},"end":{"line":74,"column":5}},"line":72},"6":{"name":"(anonymous_6)","decl":{"start":{"line":76,"column":4},"end":{"line":76,"column":5}},"loc":{"start":{"line":76,"column":22},"end":{"line":96,"column":5}},"line":76},"7":{"name":"(anonymous_7)","decl":{"start":{"line":82,"column":15},"end":{"line":82,"column":16}},"loc":{"start":{"line":82,"column":21},"end":{"line":87,"column":13}},"line":82},"8":{"name":"(anonymous_8)","decl":{"start":{"line":92,"column":15},"end":{"line":92,"column":16}},"loc":{"start":{"line":92,"column":21},"end":{"line":94,"column":13}},"line":92},"9":{"name":"(anonymous_9)","decl":{"start":{"line":98,"column":4},"end":{"line":98,"column":5}},"loc":{"start":{"line":98,"column":13},"end":{"line":106,"column":5}},"line":98}},"branchMap":{"0":{"loc":{"start":{"line":79,"column":8},"end":{"line":95,"column":9}},"type":"if","locations":[{"start":{"line":79,"column":8},"end":{"line":95,"column":9}},{"start":{"line":79,"column":8},"end":{"line":95,"column":9}}],"line":79},"1":{"loc":{"start":{"line":79,"column":12},"end":{"line":79,"column":90}},"type":"binary-expr","locations":[{"start":{"line":79,"column":12},"end":{"line":79,"column":58}},{"start":{"line":79,"column":62},"end":{"line":79,"column":90}}],"line":79},"2":{"loc":{"start":{"line":83,"column":16},"end":{"line":86,"column":17}},"type":"if","locations":[{"start":{"line":83,"column":16},"end":{"line":86,"column":17}},{"start":{"line":83,"column":16},"end":{"line":86,"column":17}}],"line":83},"3":{"loc":{"start":{"line":101,"column":28},"end":{"line":101,"column":149}},"type":"cond-expr","locations":[{"start":{"line":101,"column":50},"end":{"line":101,"column":98}},{"start":{"line":101,"column":101},"end":{"line":101,"column":149}}],"line":101}},"s":{"0":8,"1":8,"2":4,"3":4,"4":4,"5":4,"6":4,"7":4,"8":4,"9":4,"10":0,"11":0,"12":0,"13":0,"14":0,"15":0,"16":0,"17":0,"18":0,"19":8},"f":{"0":8,"1":8,"2":0,"3":4,"4":4,"5":0,"6":0,"7":0,"8":0,"9":8},"b":{"0":[0,0],"1":[0,0],"2":[0,0],"3":[0,8]},"_coverageSchema":"332fd63041d2c1bcb487cc26dd0d5f7d97098a6c","hash":"bd60a6d2e7d22fe1ab153da95cb1c45f041e3cbd"}
}
