TN:
SF:/Users/fengfeifan/workspace/xcomponent-jest/jest.setup.js
FNF:0
FNH:0
DA:5,2
LF:1
LH:1
BRF:0
BRH:0
end_of_record
TN:
SF:/Users/fengfeifan/workspace/xcomponent-jest/xcomponents/Button/src/index.js
FN:17,(anonymous_0)
FNF:1
FNH:1
FNDA:1,(anonymous_0)
DA:18,1
DA:29,1
LF:2
LH:2
BRF:0
BRH:0
end_of_record
TN:
SF:/Users/fengfeifan/workspace/xcomponent-jest/xcomponents/Icon/src/index.js
FN:4,(anonymous_0)
FN:6,(anonymous_1)
FNF:2
FNH:1
FNDA:8,(anonymous_0)
FNDA:0,(anonymous_1)
DA:5,8
DA:7,0
LF:2
LH:1
BRDA:7,0,0,0
BRDA:7,0,1,0
BRF:2
BRH:0
end_of_record
TN:
SF:/Users/fengfeifan/workspace/xcomponent-jest/xcomponents/Selector/src/index.js
FN:7,(anonymous_0)
FN:18,(anonymous_1)
FN:22,(anonymous_2)
FN:32,(anonymous_3)
FN:41,(anonymous_4)
FN:55,(anonymous_5)
FN:60,(anonymous_6)
FN:64,(anonymous_7)
FN:91,(anonymous_8)
FNF:9
FNH:7
FNDA:6,(anonymous_0)
FNDA:3,(anonymous_1)
FNDA:1,(anonymous_2)
FNDA:3,(anonymous_3)
FNDA:0,(anonymous_4)
FNDA:1,(anonymous_5)
FNDA:1,(anonymous_6)
FNDA:11,(anonymous_7)
FNDA:0,(anonymous_8)
DA:8,6
DA:9,6
DA:19,3
DA:24,1
DA:28,0
DA:34,3
DA:35,3
DA:38,3
DA:39,3
DA:41,3
DA:42,0
DA:43,0
DA:45,0
DA:49,3
DA:56,1
DA:60,1
DA:65,11
DA:66,11
DA:67,11
DA:92,0
DA:93,0
LF:21
LH:15
BRDA:24,0,0,0
BRDA:24,0,1,1
BRDA:25,1,0,1
BRDA:25,1,1,1
BRDA:34,2,0,3
BRDA:34,2,1,3
BRDA:38,3,0,0
BRDA:38,3,1,3
BRDA:43,4,0,0
BRDA:43,4,1,0
BRDA:73,5,0,0
BRDA:73,5,1,11
BRDA:74,6,0,11
BRDA:74,6,1,11
BRDA:92,7,0,0
BRDA:92,7,1,0
BRF:16
BRH:9
end_of_record
TN:
SF:/Users/fengfeifan/workspace/xcomponent-jest/xcomponents/Toggle/src/index.js
FN:14,(anonymous_0)
FN:32,(anonymous_1)
FN:49,(anonymous_2)
FN:56,(anonymous_3)
FN:68,(anonymous_4)
FN:72,(anonymous_5)
FN:76,(anonymous_6)
FN:82,(anonymous_7)
FN:92,(anonymous_8)
FN:98,(anonymous_9)
FNF:10
FNH:5
FNDA:8,(anonymous_0)
FNDA:8,(anonymous_1)
FNDA:0,(anonymous_2)
FNDA:4,(anonymous_3)
FNDA:4,(anonymous_4)
FNDA:0,(anonymous_5)
FNDA:0,(anonymous_6)
FNDA:0,(anonymous_7)
FNDA:0,(anonymous_8)
FNDA:8,(anonymous_9)
DA:15,8
DA:33,8
DA:57,4
DA:58,4
DA:59,4
DA:60,4
DA:61,4
DA:62,4
DA:63,4
DA:69,4
DA:73,0
DA:77,0
DA:78,0
DA:79,0
DA:80,0
DA:83,0
DA:85,0
DA:90,0
DA:93,0
DA:99,8
LF:20
LH:11
BRDA:79,0,0,0
BRDA:79,0,1,0
BRDA:79,1,0,0
BRDA:79,1,1,0
BRDA:83,2,0,0
BRDA:83,2,1,0
BRDA:101,3,0,0
BRDA:101,3,1,8
BRF:8
BRH:1
end_of_record
